build/outputs/logs/manifest-merger-debug-report.txt
-- Merging decision tree log ---
provider#androidx.core.content.FileProvider
INJECTED from NewBitannia\BNF_New1\AndroidManifest.xml:113:9-121:20
	android:grantUriPermissions
		ADDED from NewBitannia\BNF_New1\AndroidManifest.xml:117:13-47
	android:authorities
		INJECTED from NewBitannia\BNF_New1\AndroidManifest.xml
		ADDED from NewBitannia\BNF_New1\AndroidManifest.xml:115:13-60
	android:exported
		ADDED from NewBitannia\BNF_New1\AndroidManifest.xml:116:13-37
	android:name
		ADDED from NewBitannia\BNF_New1\AndroidManifest.xml:114:13-62
manifest
ADDED from NewBitannia\BNF_New1\AndroidManifest.xml:2:1-529:12
INJECTED from NewBitannia\BNF_New1\AndroidManifest.xml:2:1-529:12
INJECTED from NewBitannia\BNF_New1\AndroidManifest.xml:2:1-529:12
INJECTED from NewBitannia\BNF_New1\AndroidManifest.xml:2:1-529:12
MERGED from [com.google.android.material:material:1.3.0] AndroidManifest.xml:17:1-24:12
MERGED from [androidx.constraintlayout:constraintlayout:2.0.4] AndroidManifest.xml:2:1-11:12
MERGED from [androidx.appcompat:appcompat:1.3.0] AndroidManifest.xml:17:1-24:12
MERGED from [androidx.cardview:cardview:1.0.0] AndroidManifest.xml:17:1-22:12
MERGED from [com.toptoche.searchablespinner:searchablespinnerlibrary:1.3.1] AndroidManifest.xml:2:1-17:12
MERGED from [androidx.viewpager2:viewpager2:1.0.0] AndroidManifest.xml:17:1-24:12
MERGED from [androidx.recyclerview:recyclerview:1.2.1] AndroidManifest.xml:17:1-24:12
MERGED from [com.jakewharton.timber:timber:4.7.1] AndroidManifest.xml:2:1-9:12
MERGED from [de.hdodenhof:circleimageview:3.1.0] AndroidManifest.xml:2:1-11:12
MERGED from [androidx.legacy:legacy-support-v4:1.0.0] AndroidManifest.xml:17:1-22:12
MERGED from [com.journeyapps:zxing-android-embedded:2.0.1] AndroidManifest.xml:17:1-77:12
MERGED from [com.journeyapps:zxing-android-legacy:2.0.1] AndroidManifest.xml:17:1-77:12
MERGED from [com.journeyapps:zxing-android-integration:2.0.1] AndroidManifest.xml:2:1-12:12
MERGED from [androidx.fragment:fragment:1.3.4] AndroidManifest.xml:17:1-24:12
MERGED from [androidx.activity:activity:1.2.3] AndroidManifest.xml:17:1-24:12
MERGED from [androidx.appcompat:appcompat-resources:1.3.0] AndroidManifest.xml:17:1-24:12
MERGED from [androidx.legacy:legacy-support-core-ui:1.0.0] AndroidManifest.xml:17:1-22:12
MERGED from [androidx.drawerlayout:drawerlayout:1.0.0] AndroidManifest.xml:17:1-22:12
MERGED from [androidx.coordinatorlayout:coordinatorlayout:1.1.0] AndroidManifest.xml:17:1-24:12
MERGED from [androidx.viewpager:viewpager:1.0.0] AndroidManifest.xml:17:1-22:12
MERGED from [androidx.slidingpanelayout:slidingpanelayout:1.0.0] AndroidManifest.xml:17:1-22:12
MERGED from [androidx.customview:customview:1.0.0] AndroidManifest.xml:17:1-22:12
MERGED from [androidx.dynamicanimation:dynamicanimation:1.0.0] AndroidManifest.xml:17:1-22:12
MERGED from [androidx.transition:transition:1.2.0] AndroidManifest.xml:17:1-24:12
MERGED from [androidx.vectordrawable:vectordrawable-animated:1.1.0] AndroidManifest.xml:17:1-24:12
MERGED from [androidx.vectordrawable:vectordrawable:1.1.0] AndroidManifest.xml:17:1-24:12
MERGED from [androidx.media:media:1.0.0] AndroidManifest.xml:17:1-22:12
MERGED from [androidx.legacy:legacy-support-core-utils:1.0.0] AndroidManifest.xml:17:1-22:12
MERGED from [androidx.loader:loader:1.0.0] AndroidManifest.xml:17:1-22:12
MERGED from [androidx.swiperefreshlayout:swiperefreshlayout:1.0.0] AndroidManifest.xml:17:1-22:12
MERGED from [androidx.asynclayoutinflater:asynclayoutinflater:1.0.0] AndroidManifest.xml:17:1-22:12
MERGED from [androidx.core:core:1.5.0] AndroidManifest.xml:17:1-26:12
MERGED from [androidx.cursoradapter:cursoradapter:1.0.0] AndroidManifest.xml:17:1-22:12
MERGED from [androidx.lifecycle:lifecycle-viewmodel-savedstate:2.3.1] AndroidManifest.xml:17:1-24:12
MERGED from [androidx.savedstate:savedstate:1.1.0] AndroidManifest.xml:17:1-24:12
MERGED from [androidx.lifecycle:lifecycle-runtime:2.3.1] AndroidManifest.xml:17:1-24:12
MERGED from [androidx.lifecycle:lifecycle-viewmodel:2.3.1] AndroidManifest.xml:17:1-24:12
MERGED from [androidx.versionedparcelable:versionedparcelable:1.1.1] AndroidManifest.xml:17:1-27:12
MERGED from [androidx.tracing:tracing:1.0.0] AndroidManifest.xml:17:1-24:12
MERGED from [androidx.lifecycle:lifecycle-livedata:2.0.0] AndroidManifest.xml:17:1-22:12
MERGED from [androidx.lifecycle:lifecycle-livedata-core:2.3.1] AndroidManifest.xml:17:1-24:12
MERGED from [androidx.arch.core:core-runtime:2.1.0] AndroidManifest.xml:17:1-24:12
MERGED from [androidx.documentfile:documentfile:1.0.0] AndroidManifest.xml:17:1-22:12
MERGED from [androidx.localbroadcastmanager:localbroadcastmanager:1.0.0] AndroidManifest.xml:17:1-22:12
MERGED from [androidx.print:print:1.0.0] AndroidManifest.xml:17:1-22:12
MERGED from [androidx.interpolator:interpolator:1.0.0] AndroidManifest.xml:17:1-22:12
MERGED from [androidx.annotation:annotation-experimental:1.0.0] AndroidManifest.xml:17:1-24:12
INJECTED from NewBitannia\BNF_New1\AndroidManifest.xml:2:1-529:12
INJECTED from NewBitannia\BNF_New1\AndroidManifest.xml:2:1-529:12
INJECTED from NewBitannia\BNF_New1\AndroidManifest.xml:2:1-529:12
	package
		ADDED from NewBitannia\BNF_New1\AndroidManifest.xml:4:5-34
		INJECTED from NewBitannia\BNF_New1\AndroidManifest.xml
		INJECTED from NewBitannia\BNF_New1\AndroidManifest.xml
	android:versionName
		ADDED from NewBitannia\BNF_New1\AndroidManifest.xml:7:5-30
		INJECTED from NewBitannia\BNF_New1\AndroidManifest.xml
		INJECTED from NewBitannia\BNF_New1\AndroidManifest.xml
	xmlns:tools
		ADDED from NewBitannia\BNF_New1\AndroidManifest.xml:3:5-51
	xmlns:android
		ADDED from NewBitannia\BNF_New1\AndroidManifest.xml:2:11-69
	android:versionCode
		ADDED from NewBitannia\BNF_New1\AndroidManifest.xml:6:5-29
		INJECTED from NewBitannia\BNF_New1\AndroidManifest.xml
		INJECTED from NewBitannia\BNF_New1\AndroidManifest.xml
	android:installLocation
		ADDED from NewBitannia\BNF_New1\AndroidManifest.xml:5:5-43
uses-permission#android.permission.CAMERA
ADDED from NewBitannia\BNF_New1\AndroidManifest.xml:9:5-65
MERGED from [com.journeyapps:zxing-android-embedded:2.0.1] AndroidManifest.xml:23:5-65
MERGED from [com.journeyapps:zxing-android-embedded:2.0.1] AndroidManifest.xml:23:5-65
MERGED from [com.journeyapps:zxing-android-legacy:2.0.1] AndroidManifest.xml:24:5-65
MERGED from [com.journeyapps:zxing-android-legacy:2.0.1] AndroidManifest.xml:24:5-65
	android:name
		ADDED from NewBitannia\BNF_New1\AndroidManifest.xml:9:22-62
uses-permission#android.permission.WRITE_SETTINGS
ADDED from NewBitannia\BNF_New1\AndroidManifest.xml:10:5-12:47
	tools:ignore
		ADDED from NewBitannia\BNF_New1\AndroidManifest.xml:12:9-44
	android:name
		ADDED from NewBitannia\BNF_New1\AndroidManifest.xml:11:9-57
uses-permission#android.permission.ACCESS_FINE_LOCATION
ADDED from NewBitannia\BNF_New1\AndroidManifest.xml:13:5-79
	android:name
		ADDED from NewBitannia\BNF_New1\AndroidManifest.xml:13:22-76
uses-permission#android.permission.INTERNET
ADDED from NewBitannia\BNF_New1\AndroidManifest.xml:14:5-67
	android:name
		ADDED from NewBitannia\BNF_New1\AndroidManifest.xml:14:22-64
uses-permission#android.permission.ACCESS_NETWORK_STATE
ADDED from NewBitannia\BNF_New1\AndroidManifest.xml:15:5-79
	android:name
		ADDED from NewBitannia\BNF_New1\AndroidManifest.xml:15:22-76
uses-permission#android.permission.READ_PHONE_STATE
ADDED from NewBitannia\BNF_New1\AndroidManifest.xml:16:5-75
	android:name
		ADDED from NewBitannia\BNF_New1\AndroidManifest.xml:16:22-72
uses-permission#android.permission.READ_EXTERNAL_STORAGE
ADDED from NewBitannia\BNF_New1\AndroidManifest.xml:17:5-80
	android:name
		ADDED from NewBitannia\BNF_New1\AndroidManifest.xml:17:22-77
uses-permission#android.permission.WRITE_EXTERNAL_STORAGE
ADDED from NewBitannia\BNF_New1\AndroidManifest.xml:18:5-81
	android:name
		ADDED from NewBitannia\BNF_New1\AndroidManifest.xml:18:22-78
uses-permission#android.permission.MANAGE_EXTERNAL_STORAGE
ADDED from NewBitannia\BNF_New1\AndroidManifest.xml:19:5-21:40
	tools:ignore
		ADDED from NewBitannia\BNF_New1\AndroidManifest.xml:21:9-37
	android:name
		ADDED from NewBitannia\BNF_New1\AndroidManifest.xml:20:9-66
uses-feature#android.hardware.camera
ADDED from NewBitannia\BNF_New1\AndroidManifest.xml:23:5-60
MERGED from [com.journeyapps:zxing-android-embedded:2.0.1] AndroidManifest.xml:28:5-30:36
MERGED from [com.journeyapps:zxing-android-embedded:2.0.1] AndroidManifest.xml:28:5-30:36
MERGED from [com.journeyapps:zxing-android-legacy:2.0.1] AndroidManifest.xml:29:5-31:36
MERGED from [com.journeyapps:zxing-android-legacy:2.0.1] AndroidManifest.xml:29:5-31:36
	android:name
		ADDED from NewBitannia\BNF_New1\AndroidManifest.xml:23:19-57
uses-feature#android.hardware.camera.autofocus
ADDED from NewBitannia\BNF_New1\AndroidManifest.xml:24:5-70
MERGED from [com.journeyapps:zxing-android-embedded:2.0.1] AndroidManifest.xml:36:5-38:36
MERGED from [com.journeyapps:zxing-android-embedded:2.0.1] AndroidManifest.xml:36:5-38:36
MERGED from [com.journeyapps:zxing-android-legacy:2.0.1] AndroidManifest.xml:37:5-39:36
MERGED from [com.journeyapps:zxing-android-legacy:2.0.1] AndroidManifest.xml:37:5-39:36
	android:name
		ADDED from NewBitannia\BNF_New1\AndroidManifest.xml:24:19-67
uses-permission#android.permission.VIBRATE
ADDED from NewBitannia\BNF_New1\AndroidManifest.xml:26:5-66
MERGED from [com.journeyapps:zxing-android-embedded:2.0.1] AndroidManifest.xml:24:5-66
MERGED from [com.journeyapps:zxing-android-embedded:2.0.1] AndroidManifest.xml:24:5-66
MERGED from [com.journeyapps:zxing-android-legacy:2.0.1] AndroidManifest.xml:25:5-66
MERGED from [com.journeyapps:zxing-android-legacy:2.0.1] AndroidManifest.xml:25:5-66
	android:name
		ADDED from NewBitannia\BNF_New1\AndroidManifest.xml:26:22-63
uses-permission#android.permission.FLASHLIGHT
ADDED from NewBitannia\BNF_New1\AndroidManifest.xml:27:5-69
MERGED from [com.journeyapps:zxing-android-embedded:2.0.1] AndroidManifest.xml:25:5-69
MERGED from [com.journeyapps:zxing-android-embedded:2.0.1] AndroidManifest.xml:25:5-69
MERGED from [com.journeyapps:zxing-android-legacy:2.0.1] AndroidManifest.xml:26:5-69
MERGED from [com.journeyapps:zxing-android-legacy:2.0.1] AndroidManifest.xml:26:5-69
	android:name
		ADDED from NewBitannia\BNF_New1\AndroidManifest.xml:27:22-66
application
ADDED from NewBitannia\BNF_New1\AndroidManifest.xml:29:5-527:19
MERGED from [com.google.android.material:material:1.3.0] AndroidManifest.xml:22:5-20
MERGED from [com.google.android.material:material:1.3.0] AndroidManifest.xml:22:5-20
MERGED from [androidx.constraintlayout:constraintlayout:2.0.4] AndroidManifest.xml:9:5-20
MERGED from [androidx.constraintlayout:constraintlayout:2.0.4] AndroidManifest.xml:9:5-20
MERGED from [com.toptoche.searchablespinner:searchablespinnerlibrary:1.3.1] AndroidManifest.xml:11:5-15:19
MERGED from [com.toptoche.searchablespinner:searchablespinnerlibrary:1.3.1] AndroidManifest.xml:11:5-15:19
MERGED from [com.jakewharton.timber:timber:4.7.1] AndroidManifest.xml:7:5-20
MERGED from [com.jakewharton.timber:timber:4.7.1] AndroidManifest.xml:7:5-20
MERGED from [de.hdodenhof:circleimageview:3.1.0] AndroidManifest.xml:9:5-20
MERGED from [de.hdodenhof:circleimageview:3.1.0] AndroidManifest.xml:9:5-20
MERGED from [com.journeyapps:zxing-android-embedded:2.0.1] AndroidManifest.xml:59:5-75:19
MERGED from [com.journeyapps:zxing-android-embedded:2.0.1] AndroidManifest.xml:59:5-75:19
MERGED from [com.journeyapps:zxing-android-legacy:2.0.1] AndroidManifest.xml:60:5-75:19
MERGED from [com.journeyapps:zxing-android-legacy:2.0.1] AndroidManifest.xml:60:5-75:19
MERGED from [com.journeyapps:zxing-android-integration:2.0.1] AndroidManifest.xml:9:5-10:19
MERGED from [com.journeyapps:zxing-android-integration:2.0.1] AndroidManifest.xml:9:5-10:19
MERGED from [androidx.core:core:1.5.0] AndroidManifest.xml:24:5-89
MERGED from [androidx.core:core:1.5.0] AndroidManifest.xml:24:5-89
MERGED from [androidx.versionedparcelable:versionedparcelable:1.1.1] AndroidManifest.xml:24:5-25:19
MERGED from [androidx.versionedparcelable:versionedparcelable:1.1.1] AndroidManifest.xml:24:5-25:19
	android:requestLegacyExternalStorage
		ADDED from NewBitannia\BNF_New1\AndroidManifest.xml:37:9-52
	android:appComponentFactory
		ADDED from [androidx.core:core:1.5.0] AndroidManifest.xml:24:18-86
	android:supportsRtl
		ADDED from NewBitannia\BNF_New1\AndroidManifest.xml:38:9-35
	android:label
		ADDED from NewBitannia\BNF_New1\AndroidManifest.xml:34:9-41
	android:hardwareAccelerated
		ADDED from NewBitannia\BNF_New1\AndroidManifest.xml:32:9-44
	tools:ignore
		ADDED from NewBitannia\BNF_New1\AndroidManifest.xml:40:9-48
	android:largeHeap
		ADDED from NewBitannia\BNF_New1\AndroidManifest.xml:35:9-33
	android:icon
		ADDED from NewBitannia\BNF_New1\AndroidManifest.xml:33:9-42
	android:allowBackup
		ADDED from NewBitannia\BNF_New1\AndroidManifest.xml:31:9-35
	android:networkSecurityConfig
		ADDED from NewBitannia\BNF_New1\AndroidManifest.xml:36:9-69
	android:usesCleartextTraffic
		ADDED from NewBitannia\BNF_New1\AndroidManifest.xml:39:9-44
	android:name
		ADDED from NewBitannia\BNF_New1\AndroidManifest.xml:30:9-53
activity#com.example.mhealth.NewCode.NutritionChampionsMonitoring
ADDED from NewBitannia\BNF_New1\AndroidManifest.xml:41:9-43:39
	android:exported
		ADDED from NewBitannia\BNF_New1\AndroidManifest.xml:43:13-36
	android:name
		ADDED from NewBitannia\BNF_New1\AndroidManifest.xml:42:13-65
activity#com.example.mhealth.NewCode.SuposhanSakhiMonitoring
ADDED from NewBitannia\BNF_New1\AndroidManifest.xml:44:9-46:39
	android:exported
		ADDED from NewBitannia\BNF_New1\AndroidManifest.xml:46:13-36
	android:name
		ADDED from NewBitannia\BNF_New1\AndroidManifest.xml:45:13-60
activity#com.example.mhealth.NewCode.ViewMenu
ADDED from NewBitannia\BNF_New1\AndroidManifest.xml:47:9-49:39
	android:exported
		ADDED from NewBitannia\BNF_New1\AndroidManifest.xml:49:13-36
	android:name
		ADDED from NewBitannia\BNF_New1\AndroidManifest.xml:48:13-45
activity#com.example.mhealth.NewCode.NutritionChampionsRegistration
ADDED from NewBitannia\BNF_New1\AndroidManifest.xml:50:9-52:39
	android:exported
		ADDED from NewBitannia\BNF_New1\AndroidManifest.xml:52:13-36
	android:name
		ADDED from NewBitannia\BNF_New1\AndroidManifest.xml:51:13-67
activity#com.example.mhealth.NewCode.SuposhanSakhiRegistration
ADDED from NewBitannia\BNF_New1\AndroidManifest.xml:53:9-55:39
	android:exported
		ADDED from NewBitannia\BNF_New1\AndroidManifest.xml:55:13-36
	android:name
		ADDED from NewBitannia\BNF_New1\AndroidManifest.xml:54:13-62
activity#com.example.mhealth.EditMenu
ADDED from NewBitannia\BNF_New1\AndroidManifest.xml:56:9-58:39
	android:exported
		ADDED from NewBitannia\BNF_New1\AndroidManifest.xml:58:13-36
	android:name
		ADDED from NewBitannia\BNF_New1\AndroidManifest.xml:57:13-37
activity#com.example.mhealth.Activity_AddEvent
ADDED from NewBitannia\BNF_New1\AndroidManifest.xml:59:9-61:47
	android:theme
		ADDED from NewBitannia\BNF_New1\AndroidManifest.xml:61:13-44
	android:name
		ADDED from NewBitannia\BNF_New1\AndroidManifest.xml:60:13-46
activity#com.example.mhealth.MainMenuUtilityActivity
ADDED from NewBitannia\BNF_New1\AndroidManifest.xml:62:9-67:47
	android:screenOrientation
		ADDED from NewBitannia\BNF_New1\AndroidManifest.xml:66:13-49
	android:label
		ADDED from NewBitannia\BNF_New1\AndroidManifest.xml:65:13-44
	android:configChanges
		ADDED from NewBitannia\BNF_New1\AndroidManifest.xml:64:13-122
	android:theme
		ADDED from NewBitannia\BNF_New1\AndroidManifest.xml:67:13-44
	android:name
		ADDED from NewBitannia\BNF_New1\AndroidManifest.xml:63:13-52
activity#com.example.mhealth.utils.EventMeetingsViewActivity
ADDED from NewBitannia\BNF_New1\AndroidManifest.xml:68:9-72:47
	android:screenOrientation
		ADDED from NewBitannia\BNF_New1\AndroidManifest.xml:71:13-49
	android:configChanges
		ADDED from NewBitannia\BNF_New1\AndroidManifest.xml:70:13-122
	android:theme
		ADDED from NewBitannia\BNF_New1\AndroidManifest.xml:72:13-44
	android:name
		ADDED from NewBitannia\BNF_New1\AndroidManifest.xml:69:13-60
activity#com.example.mhealth.EventMeetingActivity
ADDED from NewBitannia\BNF_New1\AndroidManifest.xml:73:9-77:47
	android:screenOrientation
		ADDED from NewBitannia\BNF_New1\AndroidManifest.xml:76:13-49
	android:configChanges
		ADDED from NewBitannia\BNF_New1\AndroidManifest.xml:75:13-122
	android:theme
		ADDED from NewBitannia\BNF_New1\AndroidManifest.xml:77:13-44
	android:name
		ADDED from NewBitannia\BNF_New1\AndroidManifest.xml:74:13-49
activity#com.example.mhealth.Activity_ChildBehivourChange
ADDED from NewBitannia\BNF_New1\AndroidManifest.xml:78:9-81:47
	android:screenOrientation
		ADDED from NewBitannia\BNF_New1\AndroidManifest.xml:80:13-49
	android:theme
		ADDED from NewBitannia\BNF_New1\AndroidManifest.xml:81:13-44
	android:name
		ADDED from NewBitannia\BNF_New1\AndroidManifest.xml:79:13-57
uses-library#org.apache.http.legacy
ADDED from NewBitannia\BNF_New1\AndroidManifest.xml:83:9-85:40
	android:required
		ADDED from NewBitannia\BNF_New1\AndroidManifest.xml:85:13-37
	android:name
		ADDED from NewBitannia\BNF_New1\AndroidManifest.xml:84:13-50
activity#com.example.mhealth.ActivityUnderWeight_Calculator
ADDED from NewBitannia\BNF_New1\AndroidManifest.xml:87:9-92:56
	android:screenOrientation
		ADDED from NewBitannia\BNF_New1\AndroidManifest.xml:91:13-49
	android:label
		ADDED from NewBitannia\BNF_New1\AndroidManifest.xml:90:13-60
	android:configChanges
		ADDED from NewBitannia\BNF_New1\AndroidManifest.xml:89:13-122
	android:theme
		ADDED from NewBitannia\BNF_New1\AndroidManifest.xml:92:13-53
	android:name
		ADDED from NewBitannia\BNF_New1\AndroidManifest.xml:88:13-59
activity#com.example.mhealth.ViewMonitoringDetails
ADDED from NewBitannia\BNF_New1\AndroidManifest.xml:93:9-59
	android:name
		ADDED from NewBitannia\BNF_New1\AndroidManifest.xml:93:19-56
activity#com.example.mhealth.AdolescentBaselineAndView
ADDED from NewBitannia\BNF_New1\AndroidManifest.xml:94:9-63
	android:name
		ADDED from NewBitannia\BNF_New1\AndroidManifest.xml:94:19-60
activity#com.example.mhealth.PregnantWomenBaseline3
ADDED from NewBitannia\BNF_New1\AndroidManifest.xml:95:9-97:56
	android:theme
		ADDED from NewBitannia\BNF_New1\AndroidManifest.xml:97:13-53
	android:name
		ADDED from NewBitannia\BNF_New1\AndroidManifest.xml:96:13-51
activity#com.example.mhealth.PregnantWomenBaseline2
ADDED from NewBitannia\BNF_New1\AndroidManifest.xml:98:9-100:56
	android:theme
		ADDED from NewBitannia\BNF_New1\AndroidManifest.xml:100:13-53
	android:name
		ADDED from NewBitannia\BNF_New1\AndroidManifest.xml:99:13-51
activity#com.example.mhealth.PregnantWomenBaseline
ADDED from NewBitannia\BNF_New1\AndroidManifest.xml:101:9-103:56
	android:theme
		ADDED from NewBitannia\BNF_New1\AndroidManifest.xml:103:13-53
	android:name
		ADDED from NewBitannia\BNF_New1\AndroidManifest.xml:102:13-50
activity#com.example.mhealth.Adolscent_Baseline2
ADDED from NewBitannia\BNF_New1\AndroidManifest.xml:104:9-107:56
	android:screenOrientation
		ADDED from NewBitannia\BNF_New1\AndroidManifest.xml:106:13-49
	android:theme
		ADDED from NewBitannia\BNF_New1\AndroidManifest.xml:107:13-53
	android:name
		ADDED from NewBitannia\BNF_New1\AndroidManifest.xml:105:13-48
activity#com.example.mhealth.Adolscent_Baseline
ADDED from NewBitannia\BNF_New1\AndroidManifest.xml:108:9-111:56
	android:screenOrientation
		ADDED from NewBitannia\BNF_New1\AndroidManifest.xml:110:13-49
	android:theme
		ADDED from NewBitannia\BNF_New1\AndroidManifest.xml:111:13-53
	android:name
		ADDED from NewBitannia\BNF_New1\AndroidManifest.xml:109:13-47
receiver#com.google.android.gms.analytics.AnalyticsReceiver
ADDED from NewBitannia\BNF_New1\AndroidManifest.xml:123:9-129:20
	android:enabled
		ADDED from NewBitannia\BNF_New1\AndroidManifest.xml:125:13-35
	android:name
		ADDED from NewBitannia\BNF_New1\AndroidManifest.xml:124:13-78
intent-filter#action:name:com.google.android.gms.analytics.ANALYTICS_DISPATCH
ADDED from NewBitannia\BNF_New1\AndroidManifest.xml:126:13-128:29
action#com.google.android.gms.analytics.ANALYTICS_DISPATCH
ADDED from NewBitannia\BNF_New1\AndroidManifest.xml:127:17-94
	android:name
		ADDED from NewBitannia\BNF_New1\AndroidManifest.xml:127:25-91
service#com.google.android.gms.analytics.AnalyticsService
ADDED from NewBitannia\BNF_New1\AndroidManifest.xml:131:9-134:40
	android:enabled
		ADDED from NewBitannia\BNF_New1\AndroidManifest.xml:133:13-35
	android:exported
		ADDED from NewBitannia\BNF_New1\AndroidManifest.xml:134:13-37
	android:name
		ADDED from NewBitannia\BNF_New1\AndroidManifest.xml:132:13-77
receiver#com.google.android.gms.analytics.CampaignTrackingReceiver
ADDED from NewBitannia\BNF_New1\AndroidManifest.xml:136:9-142:20
	android:exported
		ADDED from NewBitannia\BNF_New1\AndroidManifest.xml:138:13-36
	android:name
		ADDED from NewBitannia\BNF_New1\AndroidManifest.xml:137:13-85
intent-filter#action:name:com.android.vending.INSTALL_REFERRER
ADDED from NewBitannia\BNF_New1\AndroidManifest.xml:139:13-141:29
action#com.android.vending.INSTALL_REFERRER
ADDED from NewBitannia\BNF_New1\AndroidManifest.xml:140:17-79
	android:name
		ADDED from NewBitannia\BNF_New1\AndroidManifest.xml:140:25-76
service#com.google.android.gms.analytics.CampaignTrackingService
ADDED from NewBitannia\BNF_New1\AndroidManifest.xml:144:9-92
	android:name
		ADDED from NewBitannia\BNF_New1\AndroidManifest.xml:144:18-89
meta-data#com.google.android.gms.version
ADDED from NewBitannia\BNF_New1\AndroidManifest.xml:146:9-148:69
	android:value
		ADDED from NewBitannia\BNF_New1\AndroidManifest.xml:148:13-66
	android:name
		ADDED from NewBitannia\BNF_New1\AndroidManifest.xml:147:13-58
meta-data#com.google.android.gms.analytics.globalConfigResource
ADDED from NewBitannia\BNF_New1\AndroidManifest.xml:149:9-151:54
	android:resource
		ADDED from NewBitannia\BNF_New1\AndroidManifest.xml:151:13-51
	android:name
		ADDED from NewBitannia\BNF_New1\AndroidManifest.xml:150:13-81
activity#com.example.mhealth.ActivityLogin
ADDED from NewBitannia\BNF_New1\AndroidManifest.xml:153:9-158:47
	android:screenOrientation
		ADDED from NewBitannia\BNF_New1\AndroidManifest.xml:157:13-49
	android:label
		ADDED from NewBitannia\BNF_New1\AndroidManifest.xml:156:13-29
	android:configChanges
		ADDED from NewBitannia\BNF_New1\AndroidManifest.xml:155:13-122
	android:theme
		ADDED from NewBitannia\BNF_New1\AndroidManifest.xml:158:13-44
	android:name
		ADDED from NewBitannia\BNF_New1\AndroidManifest.xml:154:13-42
activity#com.example.mhealth.ActivitySplash
ADDED from NewBitannia\BNF_New1\AndroidManifest.xml:159:9-171:20
	android:screenOrientation
		ADDED from NewBitannia\BNF_New1\AndroidManifest.xml:164:13-49
	android:label
		ADDED from NewBitannia\BNF_New1\AndroidManifest.xml:162:13-45
	android:noHistory
		ADDED from NewBitannia\BNF_New1\AndroidManifest.xml:163:13-37
	android:configChanges
		ADDED from NewBitannia\BNF_New1\AndroidManifest.xml:161:13-122
	android:theme
		ADDED from NewBitannia\BNF_New1\AndroidManifest.xml:165:13-53
	android:name
		ADDED from NewBitannia\BNF_New1\AndroidManifest.xml:160:13-43
intent-filter#action:name:android.intent.action.MAIN+category:name:android.intent.category.LAUNCHER
ADDED from NewBitannia\BNF_New1\AndroidManifest.xml:166:13-170:29
action#android.intent.action.MAIN
ADDED from NewBitannia\BNF_New1\AndroidManifest.xml:167:17-69
	android:name
		ADDED from NewBitannia\BNF_New1\AndroidManifest.xml:167:25-66
category#android.intent.category.LAUNCHER
ADDED from NewBitannia\BNF_New1\AndroidManifest.xml:169:17-77
	android:name
		ADDED from NewBitannia\BNF_New1\AndroidManifest.xml:169:27-74
activity#com.example.mhealth.ActivityHelp
ADDED from NewBitannia\BNF_New1\AndroidManifest.xml:172:9-178:47
	android:screenOrientation
		ADDED from NewBitannia\BNF_New1\AndroidManifest.xml:177:13-49
	android:label
		ADDED from NewBitannia\BNF_New1\AndroidManifest.xml:175:13-34
	android:noHistory
		ADDED from NewBitannia\BNF_New1\AndroidManifest.xml:176:13-37
	android:configChanges
		ADDED from NewBitannia\BNF_New1\AndroidManifest.xml:174:13-122
	android:theme
		ADDED from NewBitannia\BNF_New1\AndroidManifest.xml:178:13-44
	android:name
		ADDED from NewBitannia\BNF_New1\AndroidManifest.xml:173:13-41
activity#com.example.mhealth.ActivitySettings
ADDED from NewBitannia\BNF_New1\AndroidManifest.xml:179:9-185:47
	android:screenOrientation
		ADDED from NewBitannia\BNF_New1\AndroidManifest.xml:184:13-49
	android:label
		ADDED from NewBitannia\BNF_New1\AndroidManifest.xml:182:13-38
	android:noHistory
		ADDED from NewBitannia\BNF_New1\AndroidManifest.xml:183:13-37
	android:configChanges
		ADDED from NewBitannia\BNF_New1\AndroidManifest.xml:181:13-122
	android:theme
		ADDED from NewBitannia\BNF_New1\AndroidManifest.xml:185:13-44
	android:name
		ADDED from NewBitannia\BNF_New1\AndroidManifest.xml:180:13-45
activity#com.example.mhealth.MainMenuActivity
ADDED from NewBitannia\BNF_New1\AndroidManifest.xml:186:9-190:53
	android:screenOrientation
		ADDED from NewBitannia\BNF_New1\AndroidManifest.xml:189:13-49
	android:configChanges
		ADDED from NewBitannia\BNF_New1\AndroidManifest.xml:188:13-122
	android:theme
		ADDED from NewBitannia\BNF_New1\AndroidManifest.xml:190:13-50
	android:name
		ADDED from NewBitannia\BNF_New1\AndroidManifest.xml:187:13-45
activity#com.example.mhealth.Activity_Add_Awc
ADDED from NewBitannia\BNF_New1\AndroidManifest.xml:191:9-196:47
	android:screenOrientation
		ADDED from NewBitannia\BNF_New1\AndroidManifest.xml:195:13-49
	android:label
		ADDED from NewBitannia\BNF_New1\AndroidManifest.xml:194:13-50
	android:configChanges
		ADDED from NewBitannia\BNF_New1\AndroidManifest.xml:193:13-122
	android:theme
		ADDED from NewBitannia\BNF_New1\AndroidManifest.xml:196:13-44
	android:name
		ADDED from NewBitannia\BNF_New1\AndroidManifest.xml:192:13-45
activity#com.example.mhealth.Activity_Add_Worker
ADDED from NewBitannia\BNF_New1\AndroidManifest.xml:197:9-202:47
	android:screenOrientation
		ADDED from NewBitannia\BNF_New1\AndroidManifest.xml:201:13-49
	android:label
		ADDED from NewBitannia\BNF_New1\AndroidManifest.xml:200:13-47
	android:configChanges
		ADDED from NewBitannia\BNF_New1\AndroidManifest.xml:199:13-122
	android:theme
		ADDED from NewBitannia\BNF_New1\AndroidManifest.xml:202:13-44
	android:name
		ADDED from NewBitannia\BNF_New1\AndroidManifest.xml:198:13-48
activity#com.example.mhealth.Activity_View_Awc
ADDED from NewBitannia\BNF_New1\AndroidManifest.xml:203:9-208:47
	android:screenOrientation
		ADDED from NewBitannia\BNF_New1\AndroidManifest.xml:207:13-49
	android:label
		ADDED from NewBitannia\BNF_New1\AndroidManifest.xml:206:13-51
	android:configChanges
		ADDED from NewBitannia\BNF_New1\AndroidManifest.xml:205:13-122
	android:theme
		ADDED from NewBitannia\BNF_New1\AndroidManifest.xml:208:13-44
	android:name
		ADDED from NewBitannia\BNF_New1\AndroidManifest.xml:204:13-46
activity#com.example.mhealth.Activity_View_Worker
ADDED from NewBitannia\BNF_New1\AndroidManifest.xml:209:9-214:47
	android:screenOrientation
		ADDED from NewBitannia\BNF_New1\AndroidManifest.xml:213:13-49
	android:label
		ADDED from NewBitannia\BNF_New1\AndroidManifest.xml:212:13-48
	android:configChanges
		ADDED from NewBitannia\BNF_New1\AndroidManifest.xml:211:13-122
	android:theme
		ADDED from NewBitannia\BNF_New1\AndroidManifest.xml:214:13-44
	android:name
		ADDED from NewBitannia\BNF_New1\AndroidManifest.xml:210:13-49
activity#com.example.mhealth.awc_main_menu
ADDED from NewBitannia\BNF_New1\AndroidManifest.xml:215:9-220:47
	android:screenOrientation
		ADDED from NewBitannia\BNF_New1\AndroidManifest.xml:219:13-49
	android:label
		ADDED from NewBitannia\BNF_New1\AndroidManifest.xml:218:13-48
	android:configChanges
		ADDED from NewBitannia\BNF_New1\AndroidManifest.xml:217:13-122
	android:theme
		ADDED from NewBitannia\BNF_New1\AndroidManifest.xml:220:13-44
	android:name
		ADDED from NewBitannia\BNF_New1\AndroidManifest.xml:216:13-42
activity#com.example.mhealth.MainMenuRegistrationActivity
ADDED from NewBitannia\BNF_New1\AndroidManifest.xml:221:9-226:47
	android:screenOrientation
		ADDED from NewBitannia\BNF_New1\AndroidManifest.xml:225:13-49
	android:label
		ADDED from NewBitannia\BNF_New1\AndroidManifest.xml:224:13-74
	android:configChanges
		ADDED from NewBitannia\BNF_New1\AndroidManifest.xml:223:13-122
	android:theme
		ADDED from NewBitannia\BNF_New1\AndroidManifest.xml:226:13-44
	android:name
		ADDED from NewBitannia\BNF_New1\AndroidManifest.xml:222:13-57
activity#com.example.mhealth.MainMenuMonitoringActivity
ADDED from NewBitannia\BNF_New1\AndroidManifest.xml:227:9-232:47
	android:screenOrientation
		ADDED from NewBitannia\BNF_New1\AndroidManifest.xml:231:13-49
	android:label
		ADDED from NewBitannia\BNF_New1\AndroidManifest.xml:230:13-72
	android:configChanges
		ADDED from NewBitannia\BNF_New1\AndroidManifest.xml:229:13-122
	android:theme
		ADDED from NewBitannia\BNF_New1\AndroidManifest.xml:232:13-44
	android:name
		ADDED from NewBitannia\BNF_New1\AndroidManifest.xml:228:13-55
activity#com.example.mhealth.ActivityEligibleFamilyRegistration
ADDED from NewBitannia\BNF_New1\AndroidManifest.xml:233:9-238:47
	android:screenOrientation
		ADDED from NewBitannia\BNF_New1\AndroidManifest.xml:237:13-49
	android:label
		ADDED from NewBitannia\BNF_New1\AndroidManifest.xml:236:13-80
	android:configChanges
		ADDED from NewBitannia\BNF_New1\AndroidManifest.xml:235:13-122
	android:theme
		ADDED from NewBitannia\BNF_New1\AndroidManifest.xml:238:13-44
	android:name
		ADDED from NewBitannia\BNF_New1\AndroidManifest.xml:234:13-63
activity#com.example.mhealth.ActivitySAM_Calculator
ADDED from NewBitannia\BNF_New1\AndroidManifest.xml:239:9-244:47
	android:screenOrientation
		ADDED from NewBitannia\BNF_New1\AndroidManifest.xml:243:13-49
	android:label
		ADDED from NewBitannia\BNF_New1\AndroidManifest.xml:242:13-66
	android:configChanges
		ADDED from NewBitannia\BNF_New1\AndroidManifest.xml:241:13-122
	android:theme
		ADDED from NewBitannia\BNF_New1\AndroidManifest.xml:244:13-44
	android:name
		ADDED from NewBitannia\BNF_New1\AndroidManifest.xml:240:13-51